Unity Editor version:    6000.5.3f1 (c2eb47b3a2a9)
Branch:                  6000.5/staging
Build type:              Release
Batch mode:              YES
macOS version:           Version 15.7.7 (Build 24G720)
Darwin version:          24.6.0
Architecture:            x86_64
Running under Rosetta:   NO
Available memory:        32768 MB
Date:                    2026-07-15T06:25:54Z
[Licensing::Module] Trying to connect to existing licensing client channel...
[Licensing::IpcConnector] Successfully connected to: "LicenseClient-macbookpro" at "2026-07-15T06:25:54.896714Z"

COMMAND LINE ARGUMENTS:
/Applications/Unity/Hub/Editor/6000.5.3f1/Unity.app/Contents/MacOS/Unity
-adb2
-batchMode
-noUpm
-name
AssetImportWorkerHW1
-projectPath
/Users/macbookpro/Dev/AnimalBattleRoyale_UnityStarter
-logFile
Logs/AssetImportWorkerHW1.log
-srvPort
58000
-parentPid
70739
-analyticsCloudUserId
4674229066755
-analyticsLocalProjectId
0ddcda56f2c0e4afea14107d569444fa
-licensingIpc
LicenseClient-macbookpro
-noDiagnosticSwitchPersistentStore
-job-worker-count
5
-background-job-worker-count
8
-asset-garbage-collectors
1
-force-metal
-name AssetImport
Successfully changed project path to: /Users/macbookpro/Dev/AnimalBattleRoyale_UnityStarter
/Users/macbookpro/Dev/AnimalBattleRoyale_UnityStarter
[UnityMemory] Configuration Parameters - Can be set up in boot.config
    "memorysetup-temp-allocator-size-gi-baking-worker=262144"
    "memorysetup-temp-allocator-size-gi-baking-worker=262144"
    "memorysetup-temp-allocator-size-gi-baking-worker=262144"
    "memorysetup-temp-allocator-size-gi-baking-worker=262144"
    "memorysetup-temp-allocator-size-gi-baking-worker=262144"
    "memorysetup-temp-allocator-size-nav-mesh-worker=65536"
    "memorysetup-temp-allocator-size-audio-worker=65536"
    "memorysetup-temp-allocator-size-cloud-worker=32768"
    "memorysetup-allocator-temp-initial-block-size-main=262144"
    "memorysetup-allocator-temp-initial-block-size-worker=262144"
    "memorysetup-temp-allocator-size-preload-manager=33554432"
    "memorysetup-temp-allocator-size-gfx=262144"
    "memorysetup-temp-allocator-size-background-worker=32768"
    "memorysetup-temp-allocator-size-job-worker=262144"
    "memorysetup-bucket-allocator-granularity=16"
    "memorysetup-bucket-allocator-bucket-count=8"
    "memorysetup-bucket-allocator-block-size=33554432"
    "memorysetup-bucket-allocator-block-count=8"
    "memorysetup-main-allocator-block-size=16777216"
    "memorysetup-thread-allocator-block-size=16777216"
    "memorysetup-main-allocator-mimalloc-enabled=0"
    "memorysetup-gfx-main-allocator-block-size=16777216"
    "memorysetup-gfx-thread-allocator-block-size=16777216"
    "memorysetup-cache-allocator-block-size=4194304"
    "memorysetup-typetree-allocator-block-size=2097152"
    "memorysetup-profiler-bucket-allocator-granularity=16"
    "memorysetup-profiler-bucket-allocator-bucket-count=8"
    "memorysetup-profiler-bucket-allocator-block-size=33554432"
    "memorysetup-profiler-bucket-allocator-block-count=8"
    "memorysetup-profiler-allocator-block-size=16777216"
    "memorysetup-profiler-editor-allocator-block-size=1048576"
    "memorysetup-temp-allocator-size-main=16777216"
    "memorysetup-job-temp-allocator-block-size=2097152"
    "memorysetup-job-temp-allocator-block-size-background=1048576"
    "memorysetup-job-temp-allocator-reduction-small-platforms=262144"
Player connection [140704312074624]  Target information:

Player connection [140704312074624]  * "[IP] 192.168.0.3 [Port] 0 [Flags] 2 [Guid] 1056950169 [EditorId] 1056950169 [Version] 1048832 [Id] OSXEditor(0,MacBooks-MacBook-Pro.local) [Debug] 1 [PackageName] OSXEditor [ProjectName] Editor" 

Player connection [140704312074624] Host joined multi-casting on [225.0.0.222:54997]...
Player connection [140704312074624] Host joined alternative multi-casting on [225.0.0.222:34997]...
JobSystem: Creating JobQueue using job-worker-count value 5
Input System module state changed to: Initialized.
[Physics::Module] Initialized fallback backend.
[Physics::Module] Id: 0xdecafbad
Library Redirect Path: Library/
[Physics::Module] Selected backend.
[Physics::Module] Name: PhysX
[Physics::Module] Id: 0xf2b8ea05
[Physics::Module] SDK Version: 4.1.2
[Physics::Module] Integration Version: 1.0.0
[Physics::Module] Threading Mode: Multi-Threaded
Initialize engine version: 6000.5.3f1 (c2eb47b3a2a9)
[Subsystems] Discovering subsystems at path /Applications/Unity/Hub/Editor/6000.5.3f1/Unity.app/Contents/Resources/UnitySubsystems
[Subsystems] Discovering subsystems at path /Users/macbookpro/Dev/AnimalBattleRoyale_UnityStarter/Assets
Forcing GfxDevice: Metal
GfxDevice: creating device client; kGfxThreadingModeNonThreaded
Color LCD preferred device: AMD Radeon Pro 560X (high power)
Metal devices available: 2
0: AMD Radeon Pro 560X (high power)
1: Intel(R) UHD Graphics 630 (low power)
Using device AMD Radeon Pro 560X (high power)
Initializing Metal device caps: AMD Radeon Pro 560X
Mac GPU Family: 2
Apple GPU Family: 0
MSL Version: 3.0
Has Float MSAA: 1
Has Float Filtering: 1
ReadWrite Texture Tier: 2
Initialize mono
Mono path[0] = '/Applications/Unity/Hub/Editor/6000.5.3f1/Unity.app/Contents/Resources/Scripting/Managed'
Mono path[1] = '/Applications/Unity/Hub/Editor/6000.5.3f1/Unity.app/Contents/Resources/Scripting/BCLExtensions/runtime/netstandard2.1'
Mono path[2] = '/Applications/Unity/Hub/Editor/6000.5.3f1/Unity.app/Contents/Resources/Scripting/MonoBleedingEdge/lib/mono/unityjit-macos'
Mono config path = '/Applications/Unity/Hub/Editor/6000.5.3f1/Unity.app/Contents/Resources/Scripting/MonoBleedingEdge/etc'
Using monoOptions --debugger-agent=transport=dt_socket,embedding=1,server=y,suspend=n,address=127.0.0.1:56292
[Licensing::Client] Error: HandshakeResponse reported an error:
	ResponseCode: 505
	ResponseStatus: Unsupported protocol version '1.18.1'.
[Licensing::Module] Error: Failed to handshake to channel: "LicenseClient-macbookpro"
[Licensing::IpcConnector] LicenseClient-macbookpro channel disconnected successfully.
[Licensing::IpcConnector] Successfully connected to: "LicenseClient-macbookpro-6000.5.3" at "2026-07-15T06:25:55.862001Z"
CodeReloadManager initialized
Begin MonoManager ReloadAssembly
Registering precompiled unity dll's ...
Register platform support module: /Applications/Unity/Hub/Editor/6000.5.3f1/PlaybackEngines/WebGLSupport/UnityEditor.WebGL.Extensions.dll
Register platform support module: /Applications/Unity/Hub/Editor/6000.5.3f1/PlaybackEngines/MacStandaloneSupport/UnityEditor.OSXStandalone.Extensions.dll
Registered in 0.000964 seconds.
[Licensing::Client] Handshaking with LicensingClient:
  Version:                 1.18.1+9fbee8e
  Session Id:              01d5e43ff7484e18be92132a164bcb97
  Correlation Id:          4ebd77d5273fbe0e206bd09a5950fbcd
  External correlation Id: 449545712820070280
  Machine Id:              MUdHxOHdCrXAxW1DF+YuY3q3P0w=
[Licensing::Module] Successfully connected to LicensingClient on channel: "LicenseClient-macbookpro-6000.5.3" (connect: 0.00s, validation: 0.00s, handshake: 0.85s)
[Licensing::IpcConnector] Successfully connected to: "LicenseClient-macbookpro-6000.5.3-notifications" at "2026-07-15T06:25:56.717689Z"
[Licensing::Module] Licensing Background thread has ended after 1.82s
Native extension for OSXStandalone target not found
Native extension for WebGL target not found
Package Manager log level set to [2]
[Package Manager] Failed to launch server process. Reason: Unity was launched with the -noUpm command-line argument
[Package Manager] Unable to send message (not connected to server process).
[Package Manager] Cannot connect to Unity Package Manager local server
ScheduleIndexationOnStartup MainProcess:False IndexOnStartup:True
Mono: successfully reloaded assembly
- Finished resetting the current domain, in  0.682 seconds
Domain Reload Profiling: 1701ms
	BeginReloadAssembly (202ms)
	RebuildCommonClasses (13ms)
	RebuildNativeTypeToScriptingClass (37ms)
	initialDomainReloadingComplete (116ms)
	LoadAllAssembliesAndSetupDomain (649ms)
		LoadAssemblies (201ms)
		AnalyzeDomain (516ms)
			TypeCache.Refresh (513ms)
				TypeCache.ScanAssembly (487ms)
	FinalizeReload (685ms)
		SetupLoadedEditorAssemblies (0ms)
			InitializePlatformSupportModulesInManaged (5ms)
			BeforeProcessingInitializeOnLoad (186ms)
			ProcessInitializeOnLoadAttributes (182ms)
			ProcessInitializeOnLoadMethodAttributes (184ms)
Initializing Unity extensions:
[Licensing::Client] Successfully resolved entitlement details
[Licensing::Module] License group:
  Id: 4674229066755-UnityPersXXXX
  Product: Unity Personal
  Type: Assigned
  Expiration: Unlimited
[CoreBusinessMetrics] Unexpected thread when updating session info.
========================================================================
Worker process is ready to serve import requests
Import Worker Mode flag is 0x00
Begin MonoManager ReloadAssembly
Native extension for OSXStandalone target not found
Native extension for WebGL target not found
[Package Manager] Failed to launch server process. Reason: Unity was launched with the -noUpm command-line argument
[Package Manager] Unable to send message (not connected to server process).
[Package Manager] Cannot connect to Unity Package Manager local server
ScheduleIndexationOnStartup MainProcess:False IndexOnStartup:True
Mono: successfully reloaded assembly
- Finished resetting the current domain, in  0.714 seconds
Domain Reload Profiling: 1283ms
	BeginReloadAssembly (278ms)
		DisableScriptedObjects (10ms)
		CreateAndSetChildDomain (69ms)
	RebuildCommonClasses (16ms)
	RebuildNativeTypeToScriptingClass (34ms)
	initialDomainReloadingComplete (50ms)
	LoadAllAssembliesAndSetupDomain (188ms)
		LoadAssemblies (121ms)
		AnalyzeDomain (34ms)
			TypeCache.Refresh (21ms)
				TypeCache.ScanAssembly (12ms)
			BuildScriptInfoCaches (9ms)
	FinalizeReload (716ms)
		SetupLoadedEditorAssemblies (0ms)
			InitializePlatformSupportModulesInManaged (4ms)
			BeforeProcessingInitializeOnLoad (156ms)
			ProcessInitializeOnLoadAttributes (142ms)
			ProcessInitializeOnLoadMethodAttributes (156ms)
		AwakeInstancesAfterBackupRestoration (8ms)
AcceleratorClientConnectionCallback - disconnected - :0
WARNING: Shader Unsupported: 'Toon/Basic Outline' - All subshaders removed
WARNING: Shader Did you use #pragma only_renderers and omit this platform?
WARNING: Shader If subshaders removal was intentional, you may have forgotten turning Fallback off?
WARNING: Shader Unsupported: 'Toon/Lit Outline' - All subshaders removed
WARNING: Shader Did you use #pragma only_renderers and omit this platform?
WARNING: Shader If subshaders removal was intentional, you may have forgotten turning Fallback off?
Launching external process: /Applications/Unity/Hub/Editor/6000.5.3f1/Unity.app/Contents/Helpers/UnityShaderCompiler
Launched and connected shader compiler UnityShaderCompiler after 0.10 seconds
Unloading 15 Unused Serialized files (Serialized files now loaded: 0)
Unloading 267 unused Assets / (2.0 MB). Loaded Objects now: 961.
Memory consumption went from 100.6 MB to 98.6 MB.
Total: 7.950445 ms (FindLiveObjects: 0.077804 ms CreateObjectMapping: 0.056688 ms MarkObjects: 7.055223 ms  DeleteObjects: 0.759399 ms)

========================================================================
Received Import Request.
  Time of request: 2026-07-15T06:26:44.719531Z
  Time since last request: 52963.10679410299781 seconds.
  importAddress: GUID: 85adcab9e891c3d4ea49d5de4b88ec85 - Path: Assets/NatureStarterKit2/Animations/Main Camera.controller - Importer: ScriptedImporter/UnityEditor.QuickSearchModule:UnityEditor.Search:ASIAI0B
Curl error 3: URL rejected: Error
Importing 'GUID: 85adcab9e891c3d4ea49d5de4b88ec85 - Path: Assets/NatureStarterKit2/Animations/Main Camera.controller - Importer: ScriptedImporter/UnityEditor.QuickSearchModule:UnityEditor.Search:ASIAI0B' with importer (ScriptedImporter : UnityEditor.QuickSearchModule:UnityEditor.Search:ASIAI0B)
Serialized files [version 15] before 2019.1 are deprecated. Open and re-save the file: "Assets/NatureStarterKit2/Animations/Main Camera.controller"
UnityEngine.Debug:ExtractStackTraceNoAlloc (byte*,int,string)
UnityEngine.StackTraceUtility:ExtractStackTrace () (at /Users/bokken/build/output/unity/unity/Runtime/Export/Scripting/StackTrace.cs:35)
UnityEditor.AssetDatabase:LoadMainAssetAtPath (string)
UnityEditor.Search.AssetIndexer:IndexProperties (int&,string&,bool&) (at /Users/bokken/build/output/unity/unity/Modules/QuickSearch/Editor/Indexing/AssetIndexer.cs:287)
UnityEditor.Search.AssetIndexer:IndexDocument (string,bool) (at /Users/bokken/build/output/unity/unity/Modules/QuickSearch/Editor/Indexing/AssetIndexer.cs:206)
UnityEditor.Search.SearchIndexArtifactImporter:OnImportAsset (UnityEditor.AssetImporters.AssetImportContext) (at /Users/bokken/build/output/unity/unity/Modules/QuickSearch/Editor/Indexing/SearchIndexArtifactImporter.cs:42)
UnityEditor.AssetImporters.ScriptedImporter:GenerateAssetData (UnityEditor.AssetImporters.AssetImportContext) (at /Users/bokken/build/output/unity/unity/Modules/AssetPipelineEditor/Public/ScriptedImporter.cs:25)

[/Users/bokken/build/output/unity/unity/Modules/QuickSearch/Editor/Indexing/AssetIndexer.cs line 287]

Serialized files [version 15] before 2019.1 are deprecated. Open and re-save the file: "Assets/NatureStarterKit2/Animations/cameraanim.anim"
UnityEngine.Debug:ExtractStackTraceNoAlloc (byte*,int,string)
UnityEngine.StackTraceUtility:ExtractStackTrace () (at /Users/bokken/build/output/unity/unity/Runtime/Export/Scripting/StackTrace.cs:35)
UnityEditor.AssetDatabase:LoadMainAssetAtPath (string)
UnityEditor.Search.AssetIndexer:IndexProperties (int&,string&,bool&) (at /Users/bokken/build/output/unity/unity/Modules/QuickSearch/Editor/Indexing/AssetIndexer.cs:287)
UnityEditor.Search.AssetIndexer:IndexDocument (string,bool) (at /Users/bokken/build/output/unity/unity/Modules/QuickSearch/Editor/Indexing/AssetIndexer.cs:206)
UnityEditor.Search.SearchIndexArtifactImporter:OnImportAsset (UnityEditor.AssetImporters.AssetImportContext) (at /Users/bokken/build/output/unity/unity/Modules/QuickSearch/Editor/Indexing/SearchIndexArtifactImporter.cs:42)
UnityEditor.AssetImporters.ScriptedImporter:GenerateAssetData (UnityEditor.AssetImporters.AssetImportContext) (at /Users/bokken/build/output/unity/unity/Modules/AssetPipelineEditor/Public/ScriptedImporter.cs:25)

[/Users/bokken/build/output/unity/unity/Modules/QuickSearch/Editor/Indexing/AssetIndexer.cs line 287]

Serialized files [version 15] before 2019.1 are deprecated. Open and re-save the file: "Assets/NatureStarterKit2/Animations/Main Camera.controller"
UnityEngine.Debug:ExtractStackTraceNoAlloc (byte*,int,string)
UnityEngine.StackTraceUtility:ExtractStackTrace () (at /Users/bokken/build/output/unity/unity/Runtime/Export/Scripting/StackTrace.cs:35)
UnityEditor.AssetDatabase:GetDependencies (string,bool) (at /Users/bokken/build/output/unity/unity/Modules/AssetDatabase/Editor/ScriptBindings/AssetDatabase.bindings.cs:765)
UnityEditor.Search.AssetIndexer:IndexDependencies (int&,string&) (at /Users/bokken/build/output/unity/unity/Modules/QuickSearch/Editor/Indexing/AssetIndexer.cs:335)
UnityEditor.Search.AssetIndexer:IndexDocument (string,bool) (at /Users/bokken/build/output/unity/unity/Modules/QuickSearch/Editor/Indexing/AssetIndexer.cs:212)
UnityEditor.Search.SearchIndexArtifactImporter:OnImportAsset (UnityEditor.AssetImporters.AssetImportContext) (at /Users/bokken/build/output/unity/unity/Modules/QuickSearch/Editor/Indexing/SearchIndexArtifactImporter.cs:42)
UnityEditor.AssetImporters.ScriptedImporter:GenerateAssetData (UnityEditor.AssetImporters.AssetImportContext) (at /Users/bokken/build/output/unity/unity/Modules/AssetPipelineEditor/Public/ScriptedImporter.cs:25)

[/Users/bokken/build/output/unity/unity/Modules/AssetDatabase/Editor/ScriptBindings/AssetDatabase.bindings.cs line 765]

Imported 'GUID: 85adcab9e891c3d4ea49d5de4b88ec85' -> (Import Result ID: 'ad0fd0b36664a61dcf4777b07d317620') in 0.251 seconds [static and dynamic dependencies]. Details - ImportResultOutputID=959cfc0e42ba52a8e9342297124de1ac DependenciesID=401870acf4244bc92800d2311abab265 StaticDependenciesID=c8388766e839e5ecf5505685e8d8195e 
Number of updated asset objects reloaded before import = 0
Number of asset objects unloaded after import = 4
========================================================================
Received Import Request.
  Time of request: 2026-07-15T06:26:45.032234Z
  Time since last request: 0.057817068 seconds.
  importAddress: GUID: 18b91636de2ba3445913e4cf38528dc8 - Path: Assets/NatureStarterKit2/Standard Assets/Effects/ImageEffects/Scripts/Triangles.cs - Importer: ScriptedImporter/UnityEditor.QuickSearchModule:UnityEditor.Search:ASIAI0B
Importing 'GUID: 18b91636de2ba3445913e4cf38528dc8 - Path: Assets/NatureStarterKit2/Standard Assets/Effects/ImageEffects/Scripts/Triangles.cs - Importer: ScriptedImporter/UnityEditor.QuickSearchModule:UnityEditor.Search:ASIAI0B' with importer (ScriptedImporter : UnityEditor.QuickSearchModule:UnityEditor.Search:ASIAI0B)
Imported 'GUID: 18b91636de2ba3445913e4cf38528dc8' -> (Import Result ID: 'fb5fd1854915a80cb1202377fcadd0de') in 0.017 seconds [static and dynamic dependencies]. Details - ImportResultOutputID=5ec2e6298281b25064307db4660a42c8 DependenciesID=d194e0cc0f6446e86daed71f8f8c3431 StaticDependenciesID=a3fb86d6a83e5c50cf80a848459d1efc 
Number of updated asset objects reloaded before import = 0
Number of asset objects unloaded after import = 0
========================================================================
Received Import Request.
  Time of request: 2026-07-15T06:26:45.050852Z
  Time since last request: 0.000453058 seconds.
  importAddress: GUID: 4e24e6cc34624306bc32ca63c607e581 - Path: Assets/AnimalBattleRoyale/Scripts/Core/AnimalPreviewRenderer.cs - Importer: ScriptedImporter/UnityEditor.QuickSearchModule:UnityEditor.Search:ASIAI0B
Importing 'GUID: 4e24e6cc34624306bc32ca63c607e581 - Path: Assets/AnimalBattleRoyale/Scripts/Core/AnimalPreviewRenderer.cs - Importer: ScriptedImporter/UnityEditor.QuickSearchModule:UnityEditor.Search:ASIAI0B' with importer (ScriptedImporter : UnityEditor.QuickSearchModule:UnityEditor.Search:ASIAI0B)
Imported 'GUID: 4e24e6cc34624306bc32ca63c607e581' -> (Import Result ID: '8285e9a5308947925306996ae8a3fd9c') in 0.003 seconds [static and dynamic dependencies]. Details - ImportResultOutputID=374ad8d720c174700991eed55d696caa DependenciesID=82738926f12a57f2c386caa448f643fc StaticDependenciesID=c3d24610808228240514d21a5aea2e36 
Number of updated asset objects reloaded before import = 0
Number of asset objects unloaded after import = 0
========================================================================
Received Import Request.
  Time of request: 2026-07-15T06:26:45.056329Z
  Time since last request: 0.000481797 seconds.
  importAddress: GUID: 393b236c42954a640b513d46de90ac38 - Path: Assets/NatureStarterKit2/Nature/tree01.prefab - Importer: ScriptedImporter/UnityEditor.QuickSearchModule:UnityEditor.Search:ASIAI0B
Importing 'GUID: 393b236c42954a640b513d46de90ac38 - Path: Assets/NatureStarterKit2/Nature/tree01.prefab - Importer: ScriptedImporter/UnityEditor.QuickSearchModule:UnityEditor.Search:ASIAI0B' with importer (ScriptedImporter : UnityEditor.QuickSearchModule:UnityEditor.Search:ASIAI0B)
Serialized files [version 15] before 2019.1 are deprecated. Open and re-save the file: "Assets/NatureStarterKit2/Materials/bark02.mat"
UnityEngine.Debug:ExtractStackTraceNoAlloc (byte*,int,string)
UnityEngine.StackTraceUtility:ExtractStackTrace () (at /Users/bokken/build/output/unity/unity/Runtime/Export/Scripting/StackTrace.cs:35)
UnityEditor.AssetDatabase:LoadAllAssetRepresentationsAtPath (string)
UnityEditor.Search.AssetIndexer:IndexDocument (string,bool) (at /Users/bokken/build/output/unity/unity/Modules/QuickSearch/Editor/Indexing/AssetIndexer.cs:179)
UnityEditor.Search.SearchIndexArtifactImporter:OnImportAsset (UnityEditor.AssetImporters.AssetImportContext) (at /Users/bokken/build/output/unity/unity/Modules/QuickSearch/Editor/Indexing/SearchIndexArtifactImporter.cs:42)
UnityEditor.AssetImporters.ScriptedImporter:GenerateAssetData (UnityEditor.AssetImporters.AssetImportContext) (at /Users/bokken/build/output/unity/unity/Modules/AssetPipelineEditor/Public/ScriptedImporter.cs:25)

[/Users/bokken/build/output/unity/unity/Modules/QuickSearch/Editor/Indexing/AssetIndexer.cs line 179]

Serialized files [version 15] before 2019.1 are deprecated. Open and re-save the file: "Assets/NatureStarterKit2/Materials/branch01.mat"
UnityEngine.Debug:ExtractStackTraceNoAlloc (byte*,int,string)
UnityEngine.StackTraceUtility:ExtractStackTrace () (at /Users/bokken/build/output/unity/unity/Runtime/Export/Scripting/StackTrace.cs:35)
UnityEditor.AssetDatabase:LoadAllAssetRepresentationsAtPath (string)
UnityEditor.Search.AssetIndexer:IndexDocument (string,bool) (at /Users/bokken/build/output/unity/unity/Modules/QuickSearch/Editor/Indexing/AssetIndexer.cs:179)
UnityEditor.Search.SearchIndexArtifactImporter:OnImportAsset (UnityEditor.AssetImporters.AssetImportContext) (at /Users/bokken/build/output/unity/unity/Modules/QuickSearch/Editor/Indexing/SearchIndexArtifactImporter.cs:42)
UnityEditor.AssetImporters.ScriptedImporter:GenerateAssetData (UnityEditor.AssetImporters.AssetImportContext) (at /Users/bokken/build/output/unity/unity/Modules/AssetPipelineEditor/Public/ScriptedImporter.cs:25)

[/Users/bokken/build/output/unity/unity/Modules/QuickSearch/Editor/Indexing/AssetIndexer.cs line 179]

Serialized files [version 15] before 2019.1 are deprecated. Open and re-save the file: "Assets/NatureStarterKit2/Nature/tree01.prefab"
UnityEngine.Debug:ExtractStackTraceNoAlloc (byte*,int,string)
UnityEngine.StackTraceUtility:ExtractStackTrace () (at /Users/bokken/build/output/unity/unity/Runtime/Export/Scripting/StackTrace.cs:35)
UnityEditor.AssetDatabase:GetDependencies (string,bool) (at /Users/bokken/build/output/unity/unity/Modules/AssetDatabase/Editor/ScriptBindings/AssetDatabase.bindings.cs:765)
UnityEditor.Search.AssetIndexer:IndexDependencies (int&,string&) (at /Users/bokken/build/output/unity/unity/Modules/QuickSearch/Editor/Indexing/AssetIndexer.cs:335)
UnityEditor.Search.AssetIndexer:IndexDocument (string,bool) (at /Users/bokken/build/output/unity/unity/Modules/QuickSearch/Editor/Indexing/AssetIndexer.cs:212)
UnityEditor.Search.SearchIndexArtifactImporter:OnImportAsset (UnityEditor.AssetImporters.AssetImportContext) (at /Users/bokken/build/output/unity/unity/Modules/QuickSearch/Editor/Indexing/SearchIndexArtifactImporter.cs:42)
UnityEditor.AssetImporters.ScriptedImporter:GenerateAssetData (UnityEditor.AssetImporters.AssetImportContext) (at /Users/bokken/build/output/unity/unity/Modules/AssetPipelineEditor/Public/ScriptedImporter.cs:25)

[/Users/bokken/build/output/unity/unity/Modules/AssetDatabase/Editor/ScriptBindings/AssetDatabase.bindings.cs line 765]

Imported 'GUID: 393b236c42954a640b513d46de90ac38' -> (Import Result ID: 'f1f1560e709c1ef08639d30c6bd97867') in 0.488 seconds [static and dynamic dependencies]. Details - ImportResultOutputID=1d3bf110d9c4a4066ce10bb36c4521cd DependenciesID=2099d15507155547dbe19e7d8b2ef235 StaticDependenciesID=dc7c418199a3edfc85425f080c8b8b39 
Number of updated asset objects reloaded before import = 0
Number of asset objects unloaded after import = 18
========================================================================
Received Prepare
AcceleratorClientConnectionCallback - disconnected - :0
WARNING: Shader Unsupported: 'Toon/Basic Outline' - All subshaders removed
WARNING: Shader Did you use #pragma only_renderers and omit this platform?
WARNING: Shader If subshaders removal was intentional, you may have forgotten turning Fallback off?
WARNING: Shader Unsupported: 'Toon/Lit Outline' - All subshaders removed
WARNING: Shader Did you use #pragma only_renderers and omit this platform?
WARNING: Shader If subshaders removal was intentional, you may have forgotten turning Fallback off?
Unloading 15 Unused Serialized files (Serialized files now loaded: 0)
Unloading 268 unused Assets / (2.1 MB). Loaded Objects now: 968.
Memory consumption went from 102.3 MB to 100.2 MB.
Total: 9.528695 ms (FindLiveObjects: 0.078297 ms CreateObjectMapping: 0.073015 ms MarkObjects: 8.091586 ms  DeleteObjects: 1.284389 ms)

Prepare: number of updated asset objects reloaded= 0
========================================================================
Received Import Request.
  Time of request: 2026-07-15T06:46:53.195162Z
  Time since last request: 1207.61777480199999 seconds.
  importAddress: GUID: 3e8f839d23c8c7f42b81fc76f0dbeb9f - Path: Assets/NatureStarterKit2/Textures/ground02.tga - Importer: ScriptedImporter/UnityEditor.QuickSearchModule:UnityEditor.Search:ASIAI0B
Importing 'GUID: 3e8f839d23c8c7f42b81fc76f0dbeb9f - Path: Assets/NatureStarterKit2/Textures/ground02.tga - Importer: ScriptedImporter/UnityEditor.QuickSearchModule:UnityEditor.Search:ASIAI0B' with importer (ScriptedImporter : UnityEditor.QuickSearchModule:UnityEditor.Search:ASIAI0B)
Imported 'GUID: 3e8f839d23c8c7f42b81fc76f0dbeb9f' -> (Import Result ID: '8504712094e3672de2ffe81151ed8eb4') in 0.095 seconds [static and dynamic dependencies]. Details - ImportResultOutputID=8582c93b5893d003ec1d60f108ef436f DependenciesID=255ea3e83b86436458d9f3af743c1389 StaticDependenciesID=45c4648a630df089eeb3cf4773f5b8d2 
Number of updated asset objects reloaded before import = 0
Number of asset objects unloaded after import = 1
========================================================================
Received Prepare
AcceleratorClientConnectionCallback - disconnected - :0
WARNING: Shader Unsupported: 'Toon/Basic Outline' - All subshaders removed
WARNING: Shader Did you use #pragma only_renderers and omit this platform?
WARNING: Shader If subshaders removal was intentional, you may have forgotten turning Fallback off?
WARNING: Shader Unsupported: 'Toon/Lit Outline' - All subshaders removed
WARNING: Shader Did you use #pragma only_renderers and omit this platform?
WARNING: Shader If subshaders removal was intentional, you may have forgotten turning Fallback off?
Unloading 15 Unused Serialized files (Serialized files now loaded: 0)
Unloading 266 unused Assets / (1.5 MB). Loaded Objects now: 968.
Memory consumption went from 99.4 MB to 97.9 MB.
Total: 11.002444 ms (FindLiveObjects: 0.155293 ms CreateObjectMapping: 0.082396 ms MarkObjects: 10.117803 ms  DeleteObjects: 0.645258 ms)

Prepare: number of updated asset objects reloaded= 0
========================================================================
Received Prepare
AcceleratorClientConnectionCallback - disconnected - :0
Unloading 12 Unused Serialized files (Serialized files now loaded: 0)
Unloading 209 unused Assets / (1.5 MB). Loaded Objects now: 914.
Memory consumption went from 95.8 MB to 94.3 MB.
Total: 7.525429 ms (FindLiveObjects: 0.092351 ms CreateObjectMapping: 0.047128 ms MarkObjects: 7.014502 ms  DeleteObjects: 0.369953 ms)

Prepare: number of updated asset objects reloaded= 71
========================================================================
Received Prepare
AcceleratorClientConnectionCallback - disconnected - :0
Begin MonoManager ReloadAssembly
[Licensing::Client] Successfully resolved entitlement details
Native extension for OSXStandalone target not found
Native extension for WebGL target not found
[Package Manager] Failed to launch server process. Reason: Unity was launched with the -noUpm command-line argument
[Package Manager] Unable to send message (not connected to server process).
[Package Manager] Cannot connect to Unity Package Manager local server
ScheduleIndexationOnStartup MainProcess:False IndexOnStartup:True
Mono: successfully reloaded assembly
- Finished resetting the current domain, in  0.595 seconds
Domain Reload Profiling: 1101ms
	BeginReloadAssembly (235ms)
		DisableScriptedObjects (11ms)
		CreateAndSetChildDomain (50ms)
	RebuildCommonClasses (14ms)
	RebuildNativeTypeToScriptingClass (27ms)
	initialDomainReloadingComplete (47ms)
	LoadAllAssembliesAndSetupDomain (182ms)
		LoadAssemblies (110ms)
		AnalyzeDomain (25ms)
			TypeCache.Refresh (8ms)
			BuildScriptInfoCaches (13ms)
	FinalizeReload (596ms)
		SetupLoadedEditorAssemblies (0ms)
			InitializePlatformSupportModulesInManaged (3ms)
			BeforeProcessingInitializeOnLoad (131ms)
			ProcessInitializeOnLoadAttributes (126ms)
			ProcessInitializeOnLoadMethodAttributes (121ms)
		AwakeInstancesAfterBackupRestoration (5ms)
Unloading 12 Unused Serialized files (Serialized files now loaded: 0)
Unloading 207 unused Assets / (1.5 MB). Loaded Objects now: 841.
Memory consumption went from 87.6 MB to 86.2 MB.
Total: 6.436057 ms (FindLiveObjects: 0.062809 ms CreateObjectMapping: 0.035296 ms MarkObjects: 6.016826 ms  DeleteObjects: 0.320249 ms)

Prepare: number of updated asset objects reloaded= 0
========================================================================
Received Prepare
AcceleratorClientConnectionCallback - disconnected - :0
Begin MonoManager ReloadAssembly
Native extension for OSXStandalone target not found
Native extension for WebGL target not found
[Package Manager] Failed to launch server process. Reason: Unity was launched with the -noUpm command-line argument
[Package Manager] Unable to send message (not connected to server process).
[Package Manager] Cannot connect to Unity Package Manager local server
ScheduleIndexationOnStartup MainProcess:False IndexOnStartup:True
Mono: successfully reloaded assembly
- Finished resetting the current domain, in  0.685 seconds
Domain Reload Profiling: 1162ms
	BeginReloadAssembly (238ms)
		DisableScriptedObjects (12ms)
		CreateAndSetChildDomain (56ms)
	RebuildCommonClasses (14ms)
	RebuildNativeTypeToScriptingClass (27ms)
	initialDomainReloadingComplete (44ms)
	LoadAllAssembliesAndSetupDomain (152ms)
		LoadAssemblies (104ms)
		AnalyzeDomain (8ms)
			TypeCache.Refresh (5ms)
	FinalizeReload (687ms)
		SetupLoadedEditorAssemblies (0ms)
			InitializePlatformSupportModulesInManaged (4ms)
			BeforeProcessingInitializeOnLoad (147ms)
			ProcessInitializeOnLoadAttributes (123ms)
			ProcessInitializeOnLoadMethodAttributes (133ms)
		AwakeInstancesAfterBackupRestoration (5ms)
Unloading 12 Unused Serialized files (Serialized files now loaded: 0)
Unloading 207 unused Assets / (1.5 MB). Loaded Objects now: 841.
Memory consumption went from 89.8 MB to 88.4 MB.
Total: 7.081196 ms (FindLiveObjects: 0.068614 ms CreateObjectMapping: 0.044825 ms MarkObjects: 6.573685 ms  DeleteObjects: 0.393053 ms)

Prepare: number of updated asset objects reloaded= 0
========================================================================
Received Prepare
AcceleratorClientConnectionCallback - disconnected - :0
Begin MonoManager ReloadAssembly
[Licensing::Client] Successfully resolved entitlement details
Native extension for OSXStandalone target not found
Native extension for WebGL target not found
[Package Manager] Failed to launch server process. Reason: Unity was launched with the -noUpm command-line argument
[Package Manager] Unable to send message (not connected to server process).
[Package Manager] Cannot connect to Unity Package Manager local server
ScheduleIndexationOnStartup MainProcess:False IndexOnStartup:True
Mono: successfully reloaded assembly
- Finished resetting the current domain, in  0.606 seconds
Domain Reload Profiling: 1099ms
	BeginReloadAssembly (234ms)
		DisableScriptedObjects (10ms)
		CreateAndSetChildDomain (50ms)
	RebuildCommonClasses (13ms)
	RebuildNativeTypeToScriptingClass (27ms)
	initialDomainReloadingComplete (47ms)
	LoadAllAssembliesAndSetupDomain (170ms)
		LoadAssemblies (110ms)
		AnalyzeDomain (23ms)
			TypeCache.Refresh (8ms)
			BuildScriptInfoCaches (12ms)
	FinalizeReload (607ms)
		SetupLoadedEditorAssemblies (0ms)
			InitializePlatformSupportModulesInManaged (4ms)
			BeforeProcessingInitializeOnLoad (144ms)
			ProcessInitializeOnLoadAttributes (126ms)
			ProcessInitializeOnLoadMethodAttributes (115ms)
		AwakeInstancesAfterBackupRestoration (4ms)
Unloading 12 Unused Serialized files (Serialized files now loaded: 0)
Unloading 207 unused Assets / (1.5 MB). Loaded Objects now: 841.
Memory consumption went from 92.0 MB to 90.6 MB.
Total: 6.163602 ms (FindLiveObjects: 0.063939 ms CreateObjectMapping: 0.037392 ms MarkObjects: 5.748767 ms  DeleteObjects: 0.312652 ms)

Prepare: number of updated asset objects reloaded= 0
========================================================================
Received Prepare
AcceleratorClientConnectionCallback - disconnected - :0
Begin MonoManager ReloadAssembly
Native extension for OSXStandalone target not found
Native extension for WebGL target not found
[Package Manager] Failed to launch server process. Reason: Unity was launched with the -noUpm command-line argument
[Package Manager] Unable to send message (not connected to server process).
[Package Manager] Cannot connect to Unity Package Manager local server
ScheduleIndexationOnStartup MainProcess:False IndexOnStartup:True
Mono: successfully reloaded assembly
- Finished resetting the current domain, in  0.607 seconds
Domain Reload Profiling: 1072ms
	BeginReloadAssembly (230ms)
		DisableScriptedObjects (12ms)
		CreateAndSetChildDomain (49ms)
	RebuildCommonClasses (14ms)
	RebuildNativeTypeToScriptingClass (28ms)
	initialDomainReloadingComplete (44ms)
	LoadAllAssembliesAndSetupDomain (149ms)
		LoadAssemblies (106ms)
		AnalyzeDomain (9ms)
			TypeCache.Refresh (5ms)
	FinalizeReload (608ms)
		SetupLoadedEditorAssemblies (0ms)
			InitializePlatformSupportModulesInManaged (4ms)
			BeforeProcessingInitializeOnLoad (158ms)
			ProcessInitializeOnLoadAttributes (123ms)
			ProcessInitializeOnLoadMethodAttributes (99ms)
		AwakeInstancesAfterBackupRestoration (4ms)
Unloading 12 Unused Serialized files (Serialized files now loaded: 0)
Unloading 207 unused Assets / (1.5 MB). Loaded Objects now: 841.
Memory consumption went from 94.3 MB to 92.8 MB.
Total: 6.081780 ms (FindLiveObjects: 0.067196 ms CreateObjectMapping: 0.042176 ms MarkObjects: 5.679434 ms  DeleteObjects: 0.291724 ms)

Prepare: number of updated asset objects reloaded= 0
Editor requested this worker to shutdown with reason: Editor is closing down
AssetImportWorkerClient::OnTransportError - code=2 error=End of file
AcceleratorClientConnectionCallback - disconnected - :0
AssetImportWorker is now disconnected from the server
Process exiting
