[2026-07-15T08:35:25.389Z][INFO] Command-line: /Applications/Unity/Hub/Editor/6000.5.3f1/Unity.app/Contents/Helpers/PackageManager/Server/UnityPackageManager server -s 437 --ipc-path /tmp/Unity-Upm-437.sock -l 2 --log-file /Users/macbookpro/Dev/AnimalBattleRoyale_UnityStarter/Logs/upm.log
[2026-07-15T08:35:25.415Z][INFO] IPC server started (IPC path=/tmp/Unity-Upm-437.sock).
[2026-07-15T08:35:25.416Z][INFO] Hint: To connect to this UPM instance, launch Unity with the command-line parameter -upmIpcPath Upm-437.
[2026-07-15T08:35:28.642Z][INFO] project:list-packages <-- Request received
params: {}
[2026-07-15T08:35:28.788Z][INFO] project:list-packages --> 200 (146 ms)
[2026-07-15T08:35:28.858Z][INFO] project:list-packages <-- Request received
params: {}
[2026-07-15T08:35:28.870Z][INFO] config:project:get-registries <-- Request received
params: {}
[2026-07-15T08:35:28.876Z][INFO] config:project:get-registries --> 200 (6 ms)
[2026-07-15T08:35:28.924Z][INFO] project:list-packages --> 200 (66 ms)
[2026-07-15T08:35:32.996Z][INFO] project:list-packages <-- Request received
params: {}
[2026-07-15T08:35:33.072Z][INFO] project:list-packages <-- Request received
params: {}
[2026-07-15T08:35:33.095Z][INFO] project:list-packages --> 200 (99 ms)
[2026-07-15T08:35:33.130Z][INFO] project:list-packages --> 200 (57 ms)
[2026-07-15T08:35:33.157Z][INFO] config:project:get-registries <-- Request received
params: {}
[2026-07-15T08:35:33.160Z][INFO] config:project:get-registries --> 200 (3 ms)
[2026-07-15T08:35:36.847Z][INFO] project:list-packages <-- Request received
params: {}
[2026-07-15T08:35:36.898Z][INFO] project:list-packages --> 200 (51 ms)
[2026-07-15T08:36:04.545Z][INFO] project:list-packages <-- Request received
params: {}
[2026-07-15T08:36:04.593Z][INFO] project:list-packages --> 200 (48 ms)
[2026-07-15T08:36:04.710Z][INFO] config:project:get-registries <-- Request received
params: {}
[2026-07-15T08:36:04.713Z][INFO] config:project:get-registries --> 200 (3 ms)
[2026-07-15T08:41:45.141Z][INFO] Received shutdown request (SIGTERM), shutting down Unity Package Manager
